[debug] [2023-02-23T12:21:05.929Z] ----------------------------------------------------------------------
[debug] [2023-02-23T12:21:05.930Z] Command:       C:\Program Files\nodejs\node.exe C:\Users\hirle\AppData\Roaming\npm\node_modules\firebase-tools\lib\bin\firebase.js init
[debug] [2023-02-23T12:21:05.931Z] CLI Version:   11.23.1
[debug] [2023-02-23T12:21:05.931Z] Platform:      win32
[debug] [2023-02-23T12:21:05.931Z] Node Version:  v18.14.2
[debug] [2023-02-23T12:21:05.932Z] Time:          Thu Feb 23 2023 12:21:05 GMT+0000 (Greenwich Mean Time)
[debug] [2023-02-23T12:21:05.932Z] ----------------------------------------------------------------------
[debug] 
[debug] [2023-02-23T12:21:05.935Z] >>> [apiv2][query] GET https://firebase-public.firebaseio.com/cli.json [none]
[debug] [2023-02-23T12:21:05.975Z] > command requires scopes: ["email","openid","https://www.googleapis.com/auth/cloudplatformprojects.readonly","https://www.googleapis.com/auth/firebase","https://www.googleapis.com/auth/cloud-platform"]
[debug] [2023-02-23T12:21:05.975Z] > authorizing via signed-in user (hirleata.andrei@gmail.com)
[info] 
     ######## #### ########  ######## ########     ###     ######  ########
     ##        ##  ##     ## ##       ##     ##  ##   ##  ##       ##
     ######    ##  ########  ######   ########  #########  ######  ######
     ##        ##  ##    ##  ##       ##     ## ##     ##       ## ##
     ##       #### ##     ## ######## ########  ##     ##  ######  ########

You're about to initialize a Firebase project in this directory:

  C:\Dev\job-board-fe

Before we get started, keep in mind:

  * You are currently outside your home directory

[debug] [2023-02-23T12:21:06.267Z] <<< [apiv2][status] GET https://firebase-public.firebaseio.com/cli.json 200
[debug] [2023-02-23T12:21:06.267Z] <<< [apiv2][body] GET https://firebase-public.firebaseio.com/cli.json {"cloudBuildErrorAfter":1594252800000,"cloudBuildWarnAfter":1590019200000,"defaultNode10After":1594252800000,"minVersion":"3.0.5","node8DeploysDisabledAfter":1613390400000,"node8RuntimeDisabledAfter":1615809600000,"node8WarnAfter":1600128000000}
